{"devicePlatform":"","logFolder":"C:\\Users\\tapan.LAPTOP-L18RHV6N\\Katalon Studio\\XeroProject\\Reports\\Regression\\20180904_190043","runData":{"hostName":"tapan - AARUSHsIDEAPAD","hostAddress":"192.168.137.1","os":"Windows 10 64bit","katalonVersion":"5.6.3.1"},"type":"TEST_SUITE","name":"Regression","id":"Test Suites/Regression","source":"","message":"Test Cases/Tests/Add Bank Account/01_I want to be able to add an ANZ(NZ) bank account inside Xero Organisation FAILED because (of) Unable to wait for object \u0027Object Repository/Page_Beautiful Business  Accounting/dd_Beautiful business\u0027 to be visible (Root cause: com.kms.katalon.core.webui.exception.BrowserNotOpenedException: Browser is not opened\nBuild info: version: \u00273.7.1\u0027, revision: \u00278a0099a\u0027, time: \u00272017-11-06T21:07:36.161Z\u0027\nSystem info: host: \u0027AARUSHSIDEAPAD\u0027, ip: \u0027192.168.137.1\u0027, os.name: \u0027Windows 10\u0027, os.arch: \u0027amd64\u0027, os.version: \u002710.0\u0027, java.version: \u00271.8.0_181\u0027\nDriver info: driver.version: unknown)","description":"","startTime":1536051649686,"endTime":1536051651291,"childRecords":[{"isOptional":false,"type":"TEST_CASE","name":"Test Cases/Tests/Add Bank Account/01_I want to be able to add an ANZ(NZ) bank account inside Xero Organisation","id":"Test Cases/Tests/Add Bank Account/01_I want to be able to add an ANZ(NZ) bank account inside Xero Organisation","source":"C:\\\\Users\\\\tapan.LAPTOP-L18RHV6N\\\\Katalon Studio\\\\XeroProject\\\\Test Cases\\\\Tests\\\\Add Bank Account\\\\01_I want to be able to add an ANZ(NZ) bank account inside Xero Organisation.tc","message":"Test Cases/Tests/Add Bank Account/01_I want to be able to add an ANZ(NZ) bank account inside Xero Organisation FAILED because (of) Unable to wait for object \u0027Object Repository/Page_Beautiful Business  Accounting/dd_Beautiful business\u0027 to be visible (Root cause: com.kms.katalon.core.webui.exception.BrowserNotOpenedException: Browser is not opened\nBuild info: version: \u00273.7.1\u0027, revision: \u00278a0099a\u0027, time: \u00272017-11-06T21:07:36.161Z\u0027\nSystem info: host: \u0027AARUSHSIDEAPAD\u0027, ip: \u0027192.168.137.1\u0027, os.name: \u0027Windows 10\u0027, os.arch: \u0027amd64\u0027, os.version: \u002710.0\u0027, java.version: \u00271.8.0_181\u0027\nDriver info: driver.version: unknown)","description":"As a Xero User,\nIn order to manage my business successfully,\nI want to be able to add an ANZ(NZ) bank account inside Xero Organisation.","startTime":1536051650148,"endTime":1536051651235,"childRecords":[{"testStatus":{"stackTrace":"","statusValue":"INFO"},"type":"MESSAGE","name":"","message":"Evaluating variables for test case","startTime":1536051650177,"endTime":0,"childRecords":[],"interuppted":false},{"index":-1,"isIgnoredIfFailed":false,"type":"TEST_STEP","name":"Start listener action : beforeTestcase","message":"Unable to open browser with url: \u0027\u0027 (Root cause: org.openqa.selenium.WebDriverException: Cannot find firefox binary in PATH. Make sure firefox is installed. OS appears to be: WIN10\nBuild info: version: \u00273.7.1\u0027, revision: \u00278a0099a\u0027, time: \u00272017-11-06T21:07:36.161Z\u0027\nSystem info: host: \u0027AARUSHSIDEAPAD\u0027, ip: \u0027192.168.137.1\u0027, os.name: \u0027Windows 10\u0027, os.arch: \u0027amd64\u0027, os.version: \u002710.0\u0027, java.version: \u00271.8.0_181\u0027\nDriver info: driver.version: unknown)","description":"","startTime":1536051650182,"endTime":1536051650625,"childRecords":[{"index":1,"isIgnoredIfFailed":false,"type":"TEST_STEP","name":"openBrowser","message":"Unable to open browser with url: \u0027\u0027 (Root cause: org.openqa.selenium.WebDriverException: Cannot find firefox binary in PATH. Make sure firefox is installed. OS appears to be: WIN10\nBuild info: version: \u00273.7.1\u0027, revision: \u00278a0099a\u0027, time: \u00272017-11-06T21:07:36.161Z\u0027\nSystem info: host: \u0027AARUSHSIDEAPAD\u0027, ip: \u0027192.168.137.1\u0027, os.name: \u0027Windows 10\u0027, os.arch: \u0027amd64\u0027, os.version: \u002710.0\u0027, java.version: \u00271.8.0_181\u0027\nDriver info: driver.version: unknown)","description":"","startTime":1536051650215,"endTime":1536051650623,"childRecords":[{"testStatus":{"stackTrace":"","statusValue":"FAILED"},"type":"MESSAGE","name":"","message":"Unable to open browser with url: \u0027\u0027 (Root cause: org.openqa.selenium.WebDriverException: Cannot find firefox binary in PATH. Make sure firefox is installed. OS appears to be: WIN10\nBuild info: version: \u00273.7.1\u0027, revision: \u00278a0099a\u0027, time: \u00272017-11-06T21:07:36.161Z\u0027\nSystem info: host: \u0027AARUSHSIDEAPAD\u0027, ip: \u0027192.168.137.1\u0027, os.name: \u0027Windows 10\u0027, os.arch: \u0027amd64\u0027, os.version: \u002710.0\u0027, java.version: \u00271.8.0_181\u0027\nDriver info: driver.version: unknown)","startTime":1536051650616,"endTime":0,"childRecords":[],"interuppted":false},{"testStatus":{"stackTrace":"","statusValue":"ERROR"},"type":"MESSAGE","name":"","message":"Unable to open browser with url: \u0027\u0027 (Root cause: org.openqa.selenium.WebDriverException: Cannot find firefox binary in PATH. Make sure firefox is installed. OS appears to be: WIN10\nBuild info: version: \u00273.7.1\u0027, revision: \u00278a0099a\u0027, time: \u00272017-11-06T21:07:36.161Z\u0027\nSystem info: host: \u0027AARUSHSIDEAPAD\u0027, ip: \u0027192.168.137.1\u0027, os.name: \u0027Windows 10\u0027, os.arch: \u0027amd64\u0027, os.version: \u002710.0\u0027, java.version: \u00271.8.0_181\u0027\nDriver info: driver.version: unknown)","startTime":1536051650620,"endTime":0,"childRecords":[],"interuppted":false}],"interuppted":false}],"interuppted":false},{"index":1,"isIgnoredIfFailed":false,"type":"TEST_STEP","name":"comment","message":"Call the login Test case","description":"","startTime":1536051650789,"endTime":1536051650820,"childRecords":[],"interuppted":false},{"index":2,"isIgnoredIfFailed":false,"type":"TEST_STEP","name":"callTestCase","message":"Unable to call Test Case with id \u0027Test Cases/Tests/Helper Test Cases/Login with username and encrypted password specified in GlobalVariable\u0027 (Root cause: Call Test Case \u0027Test Cases/Tests/Helper Test Cases/Login with username and encrypted password specified in GlobalVariable\u0027 failed)","description":"","startTime":1536051650821,"endTime":1536051651167,"childRecords":[{"isOptional":false,"type":"TEST_CASE","name":"Test Cases/Tests/Helper Test Cases/Login with username and encrypted password specified in GlobalVariable","id":"Test Cases/Tests/Helper Test Cases/Login with username and encrypted password specified in GlobalVariable","source":"C:\\\\Users\\\\tapan.LAPTOP-L18RHV6N\\\\Katalon Studio\\\\XeroProject\\\\Test Cases\\\\Tests\\\\Helper Test Cases\\\\Login with username and encrypted password specified in GlobalVariable.tc","message":"Test Cases/Tests/Helper Test Cases/Login with username and encrypted password specified in GlobalVariable FAILED because (of) Unable to wait for object \u0027Object Repository/Page_Beautiful Business  Accounting/dd_Beautiful business\u0027 to be visible (Root cause: com.kms.katalon.core.webui.exception.BrowserNotOpenedException: Browser is not opened\nBuild info: version: \u00273.7.1\u0027, revision: \u00278a0099a\u0027, time: \u00272017-11-06T21:07:36.161Z\u0027\nSystem info: host: \u0027AARUSHSIDEAPAD\u0027, ip: \u0027192.168.137.1\u0027, os.name: \u0027Windows 10\u0027, os.arch: \u0027amd64\u0027, os.version: \u002710.0\u0027, java.version: \u00271.8.0_181\u0027\nDriver info: driver.version: unknown)","description":"Login to Xero account","startTime":1536051650898,"endTime":1536051651134,"childRecords":[{"testStatus":{"stackTrace":"","statusValue":"INFO"},"type":"MESSAGE","name":"","message":"Evaluating variables for test case","startTime":1536051650914,"endTime":0,"childRecords":[],"interuppted":false},{"index":1,"isIgnoredIfFailed":false,"type":"TEST_STEP","name":"waitForElementVisible","message":"Unable to wait for object \u0027Object Repository/Page_Beautiful Business  Accounting/dd_Beautiful business\u0027 to be visible (Root cause: com.kms.katalon.core.webui.exception.BrowserNotOpenedException: Browser is not opened\nBuild info: version: \u00273.7.1\u0027, revision: \u00278a0099a\u0027, time: \u00272017-11-06T21:07:36.161Z\u0027\nSystem info: host: \u0027AARUSHSIDEAPAD\u0027, ip: \u0027192.168.137.1\u0027, os.name: \u0027Windows 10\u0027, os.arch: \u0027amd64\u0027, os.version: \u002710.0\u0027, java.version: \u00271.8.0_181\u0027\nDriver info: driver.version: unknown)","description":"","startTime":1536051651051,"endTime":1536051651115,"childRecords":[{"testStatus":{"stackTrace":"","statusValue":"WARNING"},"type":"MESSAGE","name":"","message":"Cannot take screenshot","startTime":1536051651105,"endTime":0,"childRecords":[],"interuppted":false},{"testStatus":{"stackTrace":"","statusValue":"FAILED"},"type":"MESSAGE","name":"","message":"Unable to wait for object \u0027Object Repository/Page_Beautiful Business  Accounting/dd_Beautiful business\u0027 to be visible (Root cause: com.kms.katalon.core.webui.exception.BrowserNotOpenedException: Browser is not opened\nBuild info: version: \u00273.7.1\u0027, revision: \u00278a0099a\u0027, time: \u00272017-11-06T21:07:36.161Z\u0027\nSystem info: host: \u0027AARUSHSIDEAPAD\u0027, ip: \u0027192.168.137.1\u0027, os.name: \u0027Windows 10\u0027, os.arch: \u0027amd64\u0027, os.version: \u002710.0\u0027, java.version: \u00271.8.0_181\u0027\nDriver info: driver.version: unknown)","startTime":1536051651107,"endTime":0,"childRecords":[],"interuppted":false}],"interuppted":false},{"testStatus":{"stackTrace":"","statusValue":"FAILED"},"type":"MESSAGE","name":"","message":"Test Cases/Tests/Helper Test Cases/Login with username and encrypted password specified in GlobalVariable FAILED because (of) Unable to wait for object \u0027Object Repository/Page_Beautiful Business  Accounting/dd_Beautiful business\u0027 to be visible (Root cause: com.kms.katalon.core.webui.exception.BrowserNotOpenedException: Browser is not opened\nBuild info: version: \u00273.7.1\u0027, revision: \u00278a0099a\u0027, time: \u00272017-11-06T21:07:36.161Z\u0027\nSystem info: host: \u0027AARUSHSIDEAPAD\u0027, ip: \u0027192.168.137.1\u0027, os.name: \u0027Windows 10\u0027, os.arch: \u0027amd64\u0027, os.version: \u002710.0\u0027, java.version: \u00271.8.0_181\u0027\nDriver info: driver.version: unknown)","startTime":1536051651121,"endTime":0,"childRecords":[],"interuppted":false}],"interuppted":false},{"testStatus":{"stackTrace":"","statusValue":"FAILED"},"type":"MESSAGE","name":"","message":"Unable to call Test Case with id \u0027Test Cases/Tests/Helper Test Cases/Login with username and encrypted password specified in GlobalVariable\u0027 (Root cause: Call Test Case \u0027Test Cases/Tests/Helper Test Cases/Login with username and encrypted password specified in GlobalVariable\u0027 failed)","startTime":1536051651166,"endTime":0,"childRecords":[],"interuppted":false}],"interuppted":false},{"testStatus":{"stackTrace":"","statusValue":"FAILED"},"type":"MESSAGE","name":"","message":"Test Cases/Tests/Add Bank Account/01_I want to be able to add an ANZ(NZ) bank account inside Xero Organisation FAILED because (of) Unable to wait for object \u0027Object Repository/Page_Beautiful Business  Accounting/dd_Beautiful business\u0027 to be visible (Root cause: com.kms.katalon.core.webui.exception.BrowserNotOpenedException: Browser is not opened\nBuild info: version: \u00273.7.1\u0027, revision: \u00278a0099a\u0027, time: \u00272017-11-06T21:07:36.161Z\u0027\nSystem info: host: \u0027AARUSHSIDEAPAD\u0027, ip: \u0027192.168.137.1\u0027, os.name: \u0027Windows 10\u0027, os.arch: \u0027amd64\u0027, os.version: \u002710.0\u0027, java.version: \u00271.8.0_181\u0027\nDriver info: driver.version: unknown)","startTime":1536051651185,"endTime":0,"childRecords":[],"interuppted":false},{"index":-1,"isIgnoredIfFailed":false,"type":"TEST_STEP","name":"Start listener action : afterTestcase","message":"Browser is closed","description":"","startTime":1536051651198,"endTime":1536051651232,"childRecords":[{"index":1,"isIgnoredIfFailed":false,"type":"TEST_STEP","name":"closeBrowser","message":"Browser is closed","description":"","startTime":1536051651204,"endTime":1536051651231,"childRecords":[{"testStatus":{"stackTrace":"","statusValue":"PASSED"},"type":"MESSAGE","name":"","message":"Browser is closed","startTime":1536051651225,"endTime":0,"childRecords":[],"interuppted":false}],"interuppted":false}],"interuppted":false}],"interuppted":false}],"interuppted":false}